Using pre-set license
Built from '2021.3/staging' branch; Version is '2021.3.24f1 (cf10dcf7010d) revision 13570268'; Using compiler version '192829333'; Build Type 'Release'
OS: 'Windows 10  (10.0.19045) 64bit Core' Language: 'en' Physical Memory: 49063 MB
BatchMode: 1, IsHumanControllingUs: 0, StartBugReporterOnCrash: 0, Is64bit: 1, IsPro: 1

COMMAND LINE ARGUMENTS:
C:\Program Files\Unity\Hub\Editor\2021.3.24f1\Editor\Unity.exe
-adb2
-batchMode
-noUpm
-name
AssetImportWorker2
-projectPath
C:/Users/justi/OneDrive/Bureau/Creative/ethereal/Everglade
-logFile
Logs/AssetImportWorker2.log
-srvPort
13697
Successfully changed project path to: C:/Users/justi/OneDrive/Bureau/Creative/ethereal/Everglade
C:/Users/justi/OneDrive/Bureau/Creative/ethereal/Everglade
[UnityMemory] Configuration Parameters - Can be set up in boot.config
    "memorysetup-bucket-allocator-granularity=16"
    "memorysetup-bucket-allocator-bucket-count=8"
    "memorysetup-bucket-allocator-block-size=33554432"
    "memorysetup-bucket-allocator-block-count=8"
    "memorysetup-main-allocator-block-size=16777216"
    "memorysetup-thread-allocator-block-size=16777216"
    "memorysetup-gfx-main-allocator-block-size=16777216"
    "memorysetup-gfx-thread-allocator-block-size=16777216"
    "memorysetup-cache-allocator-block-size=4194304"
    "memorysetup-typetree-allocator-block-size=2097152"
    "memorysetup-profiler-bucket-allocator-granularity=16"
    "memorysetup-profiler-bucket-allocator-bucket-count=8"
    "memorysetup-profiler-bucket-allocator-block-size=33554432"
    "memorysetup-profiler-bucket-allocator-block-count=8"
    "memorysetup-profiler-allocator-block-size=16777216"
    "memorysetup-profiler-editor-allocator-block-size=1048576"
    "memorysetup-temp-allocator-size-main=16777216"
    "memorysetup-job-temp-allocator-block-size=2097152"
    "memorysetup-job-temp-allocator-block-size-background=1048576"
    "memorysetup-job-temp-allocator-reduction-small-platforms=262144"
    "memorysetup-temp-allocator-size-background-worker=32768"
    "memorysetup-temp-allocator-size-job-worker=262144"
    "memorysetup-temp-allocator-size-preload-manager=33554432"
    "memorysetup-temp-allocator-size-nav-mesh-worker=65536"
    "memorysetup-temp-allocator-size-audio-worker=65536"
    "memorysetup-temp-allocator-size-cloud-worker=32768"
    "memorysetup-temp-allocator-size-gi-baking-worker=262144"
    "memorysetup-temp-allocator-size-gfx=262144"
Player connection [47112] Host "[IP] 192.168.2.214 [Port] 0 [Flags] 2 [Guid] 647410895 [EditorId] 647410895 [Version] 1048832 [Id] WindowsEditor(7,PC-Justine) [Debug] 1 [PackageName] WindowsEditor [ProjectName] Editor" joined multi-casting on [225.0.0.222:54997]...

Player connection [47112] Host "[IP] 192.168.2.214 [Port] 0 [Flags] 2 [Guid] 647410895 [EditorId] 647410895 [Version] 1048832 [Id] WindowsEditor(7,PC-Justine) [Debug] 1 [PackageName] WindowsEditor [ProjectName] Editor" joined alternative multi-casting on [225.0.0.222:34997]...

Refreshing native plugins compatible for Editor in 73.39 ms, found 4 plugins.
Preloading 0 native plugins for Editor in 0.00 ms.
Initialize engine version: 2021.3.24f1 (cf10dcf7010d)
[Subsystems] Discovering subsystems at path C:/Program Files/Unity/Hub/Editor/2021.3.24f1/Editor/Data/Resources/UnitySubsystems
[Subsystems] Discovering subsystems at path C:/Users/justi/OneDrive/Bureau/Creative/ethereal/Everglade/Assets
GfxDevice: creating device client; threaded=0; jobified=0
Direct3D:
    Version:  Direct3D 11.0 [level 11.1]
    Renderer: NVIDIA GeForce RTX 3070 (ID=0x2484)
    Vendor:   NVIDIA
    VRAM:     8031 MB
    Driver:   31.0.15.2849
Initialize mono
Mono path[0] = 'C:/Program Files/Unity/Hub/Editor/2021.3.24f1/Editor/Data/Managed'
Mono path[1] = 'C:/Program Files/Unity/Hub/Editor/2021.3.24f1/Editor/Data/MonoBleedingEdge/lib/mono/unityjit-win32'
Mono config path = 'C:/Program Files/Unity/Hub/Editor/2021.3.24f1/Editor/Data/MonoBleedingEdge/etc'
Using monoOptions --debugger-agent=transport=dt_socket,embedding=1,server=y,suspend=n,address=127.0.0.1:56236
Begin MonoManager ReloadAssembly
Registering precompiled unity dll's ...
Register platform support module: C:/Program Files/Unity/Hub/Editor/2021.3.24f1/Editor/Data/PlaybackEngines/WebGLSupport/UnityEditor.WebGL.Extensions.dll
Register platform support module: C:/Program Files/Unity/Hub/Editor/2021.3.24f1/Editor/Data/PlaybackEngines/WindowsStandaloneSupport/UnityEditor.WindowsStandalone.Extensions.dll
Registered in 0.015439 seconds.
Native extension for WindowsStandalone target not found
Native extension for WebGL target not found
Refreshing native plugins compatible for Editor in 65.63 ms, found 4 plugins.
Preloading 0 native plugins for Editor in 0.00 ms.
Mono: successfully reloaded assembly
- Completed reload, in  0.534 seconds
Domain Reload Profiling:
	ReloadAssembly (535ms)
		BeginReloadAssembly (82ms)
			ExecutionOrderSort (0ms)
			DisableScriptedObjects (0ms)
			BackupInstance (0ms)
			ReleaseScriptingObjects (0ms)
			CreateAndSetChildDomain (1ms)
		EndReloadAssembly (354ms)
			LoadAssemblies (78ms)
			RebuildTransferFunctionScriptingTraits (0ms)
			SetupTypeCache (75ms)
			ReleaseScriptCaches (0ms)
			RebuildScriptCaches (19ms)
			SetupLoadedEditorAssemblies (215ms)
				LogAssemblyErrors (0ms)
				InitializePlatformSupportModulesInManaged (9ms)
				SetLoadedEditorAssemblies (0ms)
				RefreshPlugins (66ms)
				BeforeProcessingInitializeOnLoad (1ms)
				ProcessInitializeOnLoadAttributes (106ms)
				ProcessInitializeOnLoadMethodAttributes (34ms)
				AfterProcessingInitializeOnLoad (0ms)
				EditorAssembliesLoaded (0ms)
			ExecutionOrderSort2 (0ms)
			AwakeInstancesAfterBackupRestoration (0ms)
Platform modules already initialized, skipping
Registering precompiled user dll's ...
Registered in 0.009804 seconds.
Begin MonoManager ReloadAssembly
Symbol file LoadedFromMemory doesn't match image C:\Users\justi\OneDrive\Bureau\Creative\ethereal\Everglade\Library\PackageCache\com.unity.visualscripting@1.8.0\Editor\VisualScripting.Core\Dependencies\YamlDotNet\Unity.VisualScripting.YamlDotNet.dll
Symbol file LoadedFromMemory doesn't match image C:\Users\justi\OneDrive\Bureau\Creative\ethereal\Everglade\Library\PackageCache\com.unity.visualscripting@1.8.0\Editor\VisualScripting.Core\Dependencies\DotNetZip\Unity.VisualScripting.IonicZip.dll
Native extension for WindowsStandalone target not found
Native extension for WebGL target not found
Refreshing native plugins compatible for Editor in 68.65 ms, found 4 plugins.
Preloading 0 native plugins for Editor in 0.00 ms.
Mono: successfully reloaded assembly
- Completed reload, in  0.939 seconds
Domain Reload Profiling:
	ReloadAssembly (940ms)
		BeginReloadAssembly (110ms)
			ExecutionOrderSort (0ms)
			DisableScriptedObjects (5ms)
			BackupInstance (0ms)
			ReleaseScriptingObjects (0ms)
			CreateAndSetChildDomain (17ms)
		EndReloadAssembly (735ms)
			LoadAssemblies (96ms)
			RebuildTransferFunctionScriptingTraits (0ms)
			SetupTypeCache (180ms)
			ReleaseScriptCaches (1ms)
			RebuildScriptCaches (50ms)
			SetupLoadedEditorAssemblies (374ms)
				LogAssemblyErrors (0ms)
				InitializePlatformSupportModulesInManaged (6ms)
				SetLoadedEditorAssemblies (0ms)
				RefreshPlugins (69ms)
				BeforeProcessingInitializeOnLoad (83ms)
				ProcessInitializeOnLoadAttributes (179ms)
				ProcessInitializeOnLoadMethodAttributes (28ms)
				AfterProcessingInitializeOnLoad (10ms)
				EditorAssembliesLoaded (0ms)
			ExecutionOrderSort2 (0ms)
			AwakeInstancesAfterBackupRestoration (5ms)
Platform modules already initialized, skipping
========================================================================
Worker process is ready to serve import requests
Launched and connected shader compiler UnityShaderCompiler.exe after 0.06 seconds
Refreshing native plugins compatible for Editor in 0.85 ms, found 4 plugins.
Preloading 0 native plugins for Editor in 0.00 ms.
Unloading 3736 Unused Serialized files (Serialized files now loaded: 0)
Unloading 40 unused Assets / (185.4 KB). Loaded Objects now: 4191.
Memory consumption went from 142.9 MB to 142.7 MB.
Total: 2.872000 ms (FindLiveObjects: 0.274700 ms CreateObjectMapping: 0.083700 ms MarkObjects: 2.389700 ms  DeleteObjects: 0.123300 ms)

AssetImportParameters requested are different than current active one (requested -> active):
  custom:video-decoder-ogg-theora: a1e56fd34408186e4bbccfd4996cb3dc -> 
  custom:container-muxer-webm: aa71ff27fc2769a1b78a27578f13a17b -> 
  custom:container-demuxer-webm: 4f35f7cbe854078d1ac9338744f61a02 -> 
  custom:video-encoder-webm-vp8: eb34c28f22e8b96e1ab97ce403110664 -> 
  custom:audio-encoder-webm-vorbis: bf7c407c2cedff20999df2af8eb42d56 -> 
  custom:framework-win-MediaFoundation: 216162199b28c13a410421893ffa2e32 -> 
  custom:container-demuxer-ogg: 62fdf1f143b41e24485cea50d1cbac27 -> 
  custom:video-decoder-webm-vp8: 9c59270c3fd7afecdb556c50c9e8de78 -> 
  custom:audio-decoder-ogg-vorbis: bf7c407c2cedff20999df2af8eb42d56 -> 
========================================================================
Received Import Request.
  Time since last request: 162083.824453 seconds.
  path: Assets/Scenes/Farm/Palette/Farm_Terrain_Palette.prefab
  artifactKey: Guid(90f28210b8cc52642981632afbe52cd8) Importer(815301076,1909f56bfc062723c751e8b465ee728b)
Start importing Assets/Scenes/Farm/Palette/Farm_Terrain_Palette.prefab using Guid(90f28210b8cc52642981632afbe52cd8) Importer(815301076,1909f56bfc062723c751e8b465ee728b)  -> (artifact id: 'c2ae8989a5427a1c71c4e538acccfdab') in 0.092555 seconds 
========================================================================
Received Import Request.
  Time since last request: 984.511113 seconds.
  path: Assets/Scenes/Farm/Farm.png
  artifactKey: Guid(8da2eab154a864e42a36958945311b52) Importer(815301076,1909f56bfc062723c751e8b465ee728b)
Start importing Assets/Scenes/Farm/Farm.png using Guid(8da2eab154a864e42a36958945311b52) Importer(815301076,1909f56bfc062723c751e8b465ee728b)  -> (artifact id: 'e0bb9c65d2366af7e2c05616ff77bbc6') in 0.053017 seconds 
========================================================================
Received Import Request.
  Time since last request: 14.687003 seconds.
  path: Assets/Scenes/Farm/Farm.png
  artifactKey: Guid(8da2eab154a864e42a36958945311b52) Importer(815301076,1909f56bfc062723c751e8b465ee728b)
Start importing Assets/Scenes/Farm/Farm.png using Guid(8da2eab154a864e42a36958945311b52) Importer(815301076,1909f56bfc062723c751e8b465ee728b)  -> (artifact id: 'f2bb0e804f372f7f5a55dd0614b6bc06') in 0.051286 seconds 
========================================================================
Received Import Request.
  Time since last request: 695.250095 seconds.
  path: Assets/Scenes/SampleScene.unity
  artifactKey: Guid(2cda990e2423bbf4892e6590ba056729) Importer(815301076,1909f56bfc062723c751e8b465ee728b)
Start importing Assets/Scenes/SampleScene.unity using Guid(2cda990e2423bbf4892e6590ba056729) Importer(815301076,1909f56bfc062723c751e8b465ee728b)  -> (artifact id: '2c14b9206f40e27a8517f8e11751083b') in 0.008623 seconds 
========================================================================
Received Import Request.
  Time since last request: 5.410140 seconds.
  path: Assets/Scenes/Farm/Palette/Farm_0.asset
  artifactKey: Guid(f67b52954eba87349ad83a1c546f4c0d) Importer(815301076,1909f56bfc062723c751e8b465ee728b)
Start importing Assets/Scenes/Farm/Palette/Farm_0.asset using Guid(f67b52954eba87349ad83a1c546f4c0d) Importer(815301076,1909f56bfc062723c751e8b465ee728b)  -> (artifact id: 'e4c2a1de3de4a9c3ac4287b4d7acb4b9') in 0.019188 seconds 
========================================================================
Received Import Request.
  Time since last request: 0.007931 seconds.
  path: Assets/Scenes/Farm/Palette/Farm_2.asset
  artifactKey: Guid(f8f93b87954eff3489fb51bfd8d46b55) Importer(815301076,1909f56bfc062723c751e8b465ee728b)
Start importing Assets/Scenes/Farm/Palette/Farm_2.asset using Guid(f8f93b87954eff3489fb51bfd8d46b55) Importer(815301076,1909f56bfc062723c751e8b465ee728b)  -> (artifact id: '7082317b20f61c08a9f7e32b76d59801') in 0.015835 seconds 
========================================================================
Received Import Request.
  Time since last request: 0.002391 seconds.
  path: Assets/Scenes/Farm/Palette/Farm_10.asset
  artifactKey: Guid(cc67d74e99f56304cab95382fa8aa467) Importer(815301076,1909f56bfc062723c751e8b465ee728b)
Start importing Assets/Scenes/Farm/Palette/Farm_10.asset using Guid(cc67d74e99f56304cab95382fa8aa467) Importer(815301076,1909f56bfc062723c751e8b465ee728b)  -> (artifact id: '4b18f7c8cbdd4d10e940d7fc1b90d24b') in 0.015190 seconds 
========================================================================
Received Import Request.
  Time since last request: 0.000017 seconds.
  path: Assets/Scenes/Farm/Palette/Farm_13.asset
  artifactKey: Guid(1494a4dc732cb0e4a83a065d6b40b8d0) Importer(815301076,1909f56bfc062723c751e8b465ee728b)
Start importing Assets/Scenes/Farm/Palette/Farm_13.asset using Guid(1494a4dc732cb0e4a83a065d6b40b8d0) Importer(815301076,1909f56bfc062723c751e8b465ee728b)  -> (artifact id: '49c417e615da742ea851c4b38ce5b819') in 0.016137 seconds 
========================================================================
Received Import Request.
  Time since last request: 0.000022 seconds.
  path: Assets/Scenes/Farm/Palette/Farm_9.asset
  artifactKey: Guid(64b1fa22641b7914083b21fa52e4125a) Importer(815301076,1909f56bfc062723c751e8b465ee728b)
Start importing Assets/Scenes/Farm/Palette/Farm_9.asset using Guid(64b1fa22641b7914083b21fa52e4125a) Importer(815301076,1909f56bfc062723c751e8b465ee728b)  -> (artifact id: 'a96d8758f932441e712bda18bb5ed013') in 0.018262 seconds 
========================================================================
Received Import Request.
  Time since last request: 0.000017 seconds.
  path: Assets/Scenes/Farm/Palette/Farm_15.asset
  artifactKey: Guid(0e921e31ce66beb42abdfaa3fcca42f6) Importer(815301076,1909f56bfc062723c751e8b465ee728b)
Start importing Assets/Scenes/Farm/Palette/Farm_15.asset using Guid(0e921e31ce66beb42abdfaa3fcca42f6) Importer(815301076,1909f56bfc062723c751e8b465ee728b)  -> (artifact id: 'f1d0ee8fcfd047195db7716bc79be651') in 0.022136 seconds 
========================================================================
Received Import Request.
  Time since last request: 0.000020 seconds.
  path: Assets/Scenes/Farm/Palette/Farm_21.asset
  artifactKey: Guid(88eab54b86552884ca1397f8b12d256a) Importer(815301076,1909f56bfc062723c751e8b465ee728b)
Start importing Assets/Scenes/Farm/Palette/Farm_21.asset using Guid(88eab54b86552884ca1397f8b12d256a) Importer(815301076,1909f56bfc062723c751e8b465ee728b)  -> (artifact id: '6c56ea8d71fe8adff4ff14e967b73175') in 0.011965 seconds 
========================================================================
Received Import Request.
  Time since last request: 0.000020 seconds.
  path: Assets/Scenes/Farm/Palette/Farm_22.asset
  artifactKey: Guid(6dd9a81beba04334cbe66e72e73b0d1a) Importer(815301076,1909f56bfc062723c751e8b465ee728b)
Start importing Assets/Scenes/Farm/Palette/Farm_22.asset using Guid(6dd9a81beba04334cbe66e72e73b0d1a) Importer(815301076,1909f56bfc062723c751e8b465ee728b)  -> (artifact id: '879e67347656fae15210ef3931ae0ac8') in 0.013990 seconds 
========================================================================
Received Import Request.
  Time since last request: 0.000027 seconds.
  path: Assets/Scenes/Farm/Palette/Farm_3.asset
  artifactKey: Guid(6ac8a90c10f87b1478cbdaf93292573d) Importer(815301076,1909f56bfc062723c751e8b465ee728b)
Start importing Assets/Scenes/Farm/Palette/Farm_3.asset using Guid(6ac8a90c10f87b1478cbdaf93292573d) Importer(815301076,1909f56bfc062723c751e8b465ee728b)  -> (artifact id: '7f9ee8a8e32d3e65ac86fbbbc742081c') in 0.009968 seconds 
========================================================================
Received Import Request.
  Time since last request: 0.000027 seconds.
  path: Assets/Scenes/Farm/Palette/Farm_8.asset
  artifactKey: Guid(098270c4f29a1cf46bc6c2d15683cdf4) Importer(815301076,1909f56bfc062723c751e8b465ee728b)
Start importing Assets/Scenes/Farm/Palette/Farm_8.asset using Guid(098270c4f29a1cf46bc6c2d15683cdf4) Importer(815301076,1909f56bfc062723c751e8b465ee728b)  -> (artifact id: '43dd88a77031a50dddf777a4f694be1d') in 0.010552 seconds 
========================================================================
Received Import Request.
  Time since last request: 0.000017 seconds.
  path: Assets/Scenes/Farm/Palette/Farm_5.asset
  artifactKey: Guid(e68eb12f4eef736468c7b6c73786973a) Importer(815301076,1909f56bfc062723c751e8b465ee728b)
Start importing Assets/Scenes/Farm/Palette/Farm_5.asset using Guid(e68eb12f4eef736468c7b6c73786973a) Importer(815301076,1909f56bfc062723c751e8b465ee728b)  -> (artifact id: '5e40756978f89b983fb92d36577967b6') in 0.010808 seconds 
========================================================================
Received Import Request.
  Time since last request: 0.000020 seconds.
  path: Assets/Scenes/Farm/Palette/Farm_6.asset
  artifactKey: Guid(17adc65b46d0cfa42a902935e3f8692a) Importer(815301076,1909f56bfc062723c751e8b465ee728b)
Start importing Assets/Scenes/Farm/Palette/Farm_6.asset using Guid(17adc65b46d0cfa42a902935e3f8692a) Importer(815301076,1909f56bfc062723c751e8b465ee728b)  -> (artifact id: 'ee06e6c05c79d05cccc93888ce5cf91a') in 0.010958 seconds 
========================================================================
Received Import Request.
  Time since last request: 0.000024 seconds.
  path: Assets/Scenes/Farm/Palette/Farm_14.asset
  artifactKey: Guid(d90e022f284018540986b58d0755896e) Importer(815301076,1909f56bfc062723c751e8b465ee728b)
Start importing Assets/Scenes/Farm/Palette/Farm_14.asset using Guid(d90e022f284018540986b58d0755896e) Importer(815301076,1909f56bfc062723c751e8b465ee728b)  -> (artifact id: '90a606b453b846339134aa754f76b654') in 0.012489 seconds 
========================================================================
Received Import Request.
  Time since last request: 0.000023 seconds.
  path: Assets/Scenes/Farm/Palette/Farm_11.asset
  artifactKey: Guid(ed90fa89d67396d4da2d44302e139162) Importer(815301076,1909f56bfc062723c751e8b465ee728b)
Start importing Assets/Scenes/Farm/Palette/Farm_11.asset using Guid(ed90fa89d67396d4da2d44302e139162) Importer(815301076,1909f56bfc062723c751e8b465ee728b)  -> (artifact id: 'dc1e8d380db8512d41d944cb201d13d8') in 0.010888 seconds 
Editor requested this worker to shutdown with reason: Scaling down because of idle timeout
AssetImportWorker is now disconnected from the server
Process exiting
Exiting without the bug reporter. Application will terminate with return code 0