Using pre-set license
Built from '2021.3/staging' branch; Version is '2021.3.24f1 (cf10dcf7010d) revision 13570268'; Using compiler version '192829333'; Build Type 'Release'
OS: 'Windows 10  (10.0.19045) 64bit Core' Language: 'en' Physical Memory: 49063 MB
BatchMode: 1, IsHumanControllingUs: 0, StartBugReporterOnCrash: 0, Is64bit: 1, IsPro: 1

COMMAND LINE ARGUMENTS:
C:\Program Files\Unity\Hub\Editor\2021.3.24f1\Editor\Unity.exe
-adb2
-batchMode
-noUpm
-name
AssetImportWorker18
-projectPath
C:/Users/justi/OneDrive/Bureau/Creative/ethereal/Everglade
-logFile
Logs/AssetImportWorker18.log
-srvPort
37823
Successfully changed project path to: C:/Users/justi/OneDrive/Bureau/Creative/ethereal/Everglade
C:/Users/justi/OneDrive/Bureau/Creative/ethereal/Everglade
[UnityMemory] Configuration Parameters - Can be set up in boot.config
    "memorysetup-bucket-allocator-granularity=16"
    "memorysetup-bucket-allocator-bucket-count=8"
    "memorysetup-bucket-allocator-block-size=33554432"
    "memorysetup-bucket-allocator-block-count=8"
    "memorysetup-main-allocator-block-size=16777216"
    "memorysetup-thread-allocator-block-size=16777216"
    "memorysetup-gfx-main-allocator-block-size=16777216"
    "memorysetup-gfx-thread-allocator-block-size=16777216"
    "memorysetup-cache-allocator-block-size=4194304"
    "memorysetup-typetree-allocator-block-size=2097152"
    "memorysetup-profiler-bucket-allocator-granularity=16"
    "memorysetup-profiler-bucket-allocator-bucket-count=8"
    "memorysetup-profiler-bucket-allocator-block-size=33554432"
    "memorysetup-profiler-bucket-allocator-block-count=8"
    "memorysetup-profiler-allocator-block-size=16777216"
    "memorysetup-profiler-editor-allocator-block-size=1048576"
    "memorysetup-temp-allocator-size-main=16777216"
    "memorysetup-job-temp-allocator-block-size=2097152"
    "memorysetup-job-temp-allocator-block-size-background=1048576"
    "memorysetup-job-temp-allocator-reduction-small-platforms=262144"
    "memorysetup-temp-allocator-size-background-worker=32768"
    "memorysetup-temp-allocator-size-job-worker=262144"
    "memorysetup-temp-allocator-size-preload-manager=33554432"
    "memorysetup-temp-allocator-size-nav-mesh-worker=65536"
    "memorysetup-temp-allocator-size-audio-worker=65536"
    "memorysetup-temp-allocator-size-cloud-worker=32768"
    "memorysetup-temp-allocator-size-gi-baking-worker=262144"
    "memorysetup-temp-allocator-size-gfx=262144"
Player connection [37396] Host "[IP] 192.168.2.214 [Port] 0 [Flags] 2 [Guid] 2332068666 [EditorId] 2332068666 [Version] 1048832 [Id] WindowsEditor(7,PC-Justine) [Debug] 1 [PackageName] WindowsEditor [ProjectName] Editor" joined multi-casting on [225.0.0.222:54997]...

Player connection [37396] Host "[IP] 192.168.2.214 [Port] 0 [Flags] 2 [Guid] 2332068666 [EditorId] 2332068666 [Version] 1048832 [Id] WindowsEditor(7,PC-Justine) [Debug] 1 [PackageName] WindowsEditor [ProjectName] Editor" joined alternative multi-casting on [225.0.0.222:34997]...

Refreshing native plugins compatible for Editor in 68.45 ms, found 4 plugins.
Preloading 0 native plugins for Editor in 0.00 ms.
Initialize engine version: 2021.3.24f1 (cf10dcf7010d)
[Subsystems] Discovering subsystems at path C:/Program Files/Unity/Hub/Editor/2021.3.24f1/Editor/Data/Resources/UnitySubsystems
[Subsystems] Discovering subsystems at path C:/Users/justi/OneDrive/Bureau/Creative/ethereal/Everglade/Assets
GfxDevice: creating device client; threaded=0; jobified=0
Direct3D:
    Version:  Direct3D 11.0 [level 11.1]
    Renderer: NVIDIA GeForce RTX 3070 (ID=0x2484)
    Vendor:   NVIDIA
    VRAM:     8031 MB
    Driver:   31.0.15.2849
Initialize mono
Mono path[0] = 'C:/Program Files/Unity/Hub/Editor/2021.3.24f1/Editor/Data/Managed'
Mono path[1] = 'C:/Program Files/Unity/Hub/Editor/2021.3.24f1/Editor/Data/MonoBleedingEdge/lib/mono/unityjit-win32'
Mono config path = 'C:/Program Files/Unity/Hub/Editor/2021.3.24f1/Editor/Data/MonoBleedingEdge/etc'
Using monoOptions --debugger-agent=transport=dt_socket,embedding=1,server=y,suspend=n,address=127.0.0.1:56572
Begin MonoManager ReloadAssembly
Registering precompiled unity dll's ...
Register platform support module: C:/Program Files/Unity/Hub/Editor/2021.3.24f1/Editor/Data/PlaybackEngines/WebGLSupport/UnityEditor.WebGL.Extensions.dll
Register platform support module: C:/Program Files/Unity/Hub/Editor/2021.3.24f1/Editor/Data/PlaybackEngines/WindowsStandaloneSupport/UnityEditor.WindowsStandalone.Extensions.dll
Registered in 0.010966 seconds.
Native extension for WindowsStandalone target not found
Native extension for WebGL target not found
Refreshing native plugins compatible for Editor in 66.46 ms, found 4 plugins.
Preloading 0 native plugins for Editor in 0.00 ms.
Mono: successfully reloaded assembly
- Completed reload, in  0.514 seconds
Domain Reload Profiling:
	ReloadAssembly (514ms)
		BeginReloadAssembly (69ms)
			ExecutionOrderSort (0ms)
			DisableScriptedObjects (0ms)
			BackupInstance (0ms)
			ReleaseScriptingObjects (0ms)
			CreateAndSetChildDomain (1ms)
		EndReloadAssembly (360ms)
			LoadAssemblies (66ms)
			RebuildTransferFunctionScriptingTraits (0ms)
			SetupTypeCache (78ms)
			ReleaseScriptCaches (0ms)
			RebuildScriptCaches (21ms)
			SetupLoadedEditorAssemblies (222ms)
				LogAssemblyErrors (0ms)
				InitializePlatformSupportModulesInManaged (8ms)
				SetLoadedEditorAssemblies (0ms)
				RefreshPlugins (67ms)
				BeforeProcessingInitializeOnLoad (1ms)
				ProcessInitializeOnLoadAttributes (111ms)
				ProcessInitializeOnLoadMethodAttributes (35ms)
				AfterProcessingInitializeOnLoad (0ms)
				EditorAssembliesLoaded (0ms)
			ExecutionOrderSort2 (0ms)
			AwakeInstancesAfterBackupRestoration (0ms)
Platform modules already initialized, skipping
Registering precompiled user dll's ...
Registered in 0.010335 seconds.
Begin MonoManager ReloadAssembly
Symbol file LoadedFromMemory doesn't match image C:\Users\justi\OneDrive\Bureau\Creative\ethereal\Everglade\Library\PackageCache\com.unity.visualscripting@1.8.0\Editor\VisualScripting.Core\Dependencies\YamlDotNet\Unity.VisualScripting.YamlDotNet.dll
Symbol file LoadedFromMemory doesn't match image C:\Users\justi\OneDrive\Bureau\Creative\ethereal\Everglade\Library\PackageCache\com.unity.visualscripting@1.8.0\Editor\VisualScripting.Core\Dependencies\DotNetZip\Unity.VisualScripting.IonicZip.dll
Native extension for WindowsStandalone target not found
Native extension for WebGL target not found
Refreshing native plugins compatible for Editor in 65.67 ms, found 4 plugins.
Preloading 0 native plugins for Editor in 0.00 ms.
Mono: successfully reloaded assembly
- Completed reload, in  0.895 seconds
Domain Reload Profiling:
	ReloadAssembly (895ms)
		BeginReloadAssembly (105ms)
			ExecutionOrderSort (0ms)
			DisableScriptedObjects (5ms)
			BackupInstance (0ms)
			ReleaseScriptingObjects (0ms)
			CreateAndSetChildDomain (18ms)
		EndReloadAssembly (699ms)
			LoadAssemblies (92ms)
			RebuildTransferFunctionScriptingTraits (0ms)
			SetupTypeCache (170ms)
			ReleaseScriptCaches (1ms)
			RebuildScriptCaches (41ms)
			SetupLoadedEditorAssemblies (369ms)
				LogAssemblyErrors (0ms)
				InitializePlatformSupportModulesInManaged (5ms)
				SetLoadedEditorAssemblies (0ms)
				RefreshPlugins (66ms)
				BeforeProcessingInitializeOnLoad (86ms)
				ProcessInitializeOnLoadAttributes (175ms)
				ProcessInitializeOnLoadMethodAttributes (27ms)
				AfterProcessingInitializeOnLoad (10ms)
				EditorAssembliesLoaded (0ms)
			ExecutionOrderSort2 (0ms)
			AwakeInstancesAfterBackupRestoration (5ms)
Platform modules already initialized, skipping
========================================================================
Worker process is ready to serve import requests
Launched and connected shader compiler UnityShaderCompiler.exe after 0.05 seconds
Refreshing native plugins compatible for Editor in 1.33 ms, found 4 plugins.
Preloading 0 native plugins for Editor in 0.00 ms.
Unloading 3734 Unused Serialized files (Serialized files now loaded: 0)
Unloading 40 unused Assets / (185.5 KB). Loaded Objects now: 4189.
Memory consumption went from 142.8 MB to 142.6 MB.
Total: 3.091300 ms (FindLiveObjects: 0.294800 ms CreateObjectMapping: 0.099600 ms MarkObjects: 2.584500 ms  DeleteObjects: 0.111900 ms)

AssetImportParameters requested are different than current active one (requested -> active):
  custom:video-decoder-ogg-theora: a1e56fd34408186e4bbccfd4996cb3dc -> 
  custom:container-muxer-webm: aa71ff27fc2769a1b78a27578f13a17b -> 
  custom:container-demuxer-webm: 4f35f7cbe854078d1ac9338744f61a02 -> 
  custom:video-encoder-webm-vp8: eb34c28f22e8b96e1ab97ce403110664 -> 
  custom:audio-encoder-webm-vorbis: bf7c407c2cedff20999df2af8eb42d56 -> 
  custom:framework-win-MediaFoundation: 216162199b28c13a410421893ffa2e32 -> 
  custom:container-demuxer-ogg: 62fdf1f143b41e24485cea50d1cbac27 -> 
  custom:video-decoder-webm-vp8: 9c59270c3fd7afecdb556c50c9e8de78 -> 
  custom:audio-decoder-ogg-vorbis: bf7c407c2cedff20999df2af8eb42d56 -> 
========================================================================
Received Import Request.
  Time since last request: 113017.482778 seconds.
  path: Assets/Scenes/Farm/Farm_3.asset
  artifactKey: Guid(af50c9b5c8b2c024e8f8a68919f62fc6) Importer(815301076,1909f56bfc062723c751e8b465ee728b)
Start importing Assets/Scenes/Farm/Farm_3.asset using Guid(af50c9b5c8b2c024e8f8a68919f62fc6) Importer(815301076,1909f56bfc062723c751e8b465ee728b)  -> (artifact id: '42386d837c194dd52fdb0385e8ed281d') in 0.057064 seconds 
========================================================================
Received Import Request.
  Time since last request: 32.776603 seconds.
  path: Assets/Scenes/Farm/Farm_3.asset
  artifactKey: Guid(af50c9b5c8b2c024e8f8a68919f62fc6) Importer(815301076,1909f56bfc062723c751e8b465ee728b)
Start importing Assets/Scenes/Farm/Farm_3.asset using Guid(af50c9b5c8b2c024e8f8a68919f62fc6) Importer(815301076,1909f56bfc062723c751e8b465ee728b)  -> (artifact id: '38dacba2e954d8d26dec881b5ba82c76') in 0.018630 seconds 
========================================================================
Received Import Request.
  Time since last request: 0.000019 seconds.
  path: Assets/Scenes/Farm/Farm_15.asset
  artifactKey: Guid(5b1d79328ba73ef41920e23d9b4f6785) Importer(815301076,1909f56bfc062723c751e8b465ee728b)
Start importing Assets/Scenes/Farm/Farm_15.asset using Guid(5b1d79328ba73ef41920e23d9b4f6785) Importer(815301076,1909f56bfc062723c751e8b465ee728b)  -> (artifact id: 'c8b1f091a65ea527d7510ba3a7b4d2be') in 0.010085 seconds 
========================================================================
Received Import Request.
  Time since last request: 2.539564 seconds.
  path: Assets/Scenes/Farm/Farm_3.asset
  artifactKey: Guid(af50c9b5c8b2c024e8f8a68919f62fc6) Importer(815301076,1909f56bfc062723c751e8b465ee728b)
Start importing Assets/Scenes/Farm/Farm_3.asset using Guid(af50c9b5c8b2c024e8f8a68919f62fc6) Importer(815301076,1909f56bfc062723c751e8b465ee728b)  -> (artifact id: '2866c6324bd7ba06490cd5f3c6b74538') in 0.017391 seconds 
========================================================================
Received Import Request.
  Time since last request: 0.000015 seconds.
  path: Assets/Scenes/Farm/Farm_12.asset
  artifactKey: Guid(8dd4caf6b65ad084e94fb4e995251988) Importer(815301076,1909f56bfc062723c751e8b465ee728b)
Start importing Assets/Scenes/Farm/Farm_12.asset using Guid(8dd4caf6b65ad084e94fb4e995251988) Importer(815301076,1909f56bfc062723c751e8b465ee728b)  -> (artifact id: 'c6b48a4cbea77580be6d21e7b1dda6cf') in 0.005307 seconds 
========================================================================
Received Import Request.
  Time since last request: 6.196856 seconds.
  path: Assets/Scenes/Farm/Farm_3.asset
  artifactKey: Guid(af50c9b5c8b2c024e8f8a68919f62fc6) Importer(815301076,1909f56bfc062723c751e8b465ee728b)
Start importing Assets/Scenes/Farm/Farm_3.asset using Guid(af50c9b5c8b2c024e8f8a68919f62fc6) Importer(815301076,1909f56bfc062723c751e8b465ee728b)  -> (artifact id: '02f8c9ffc6b4770fafd115cfefcc324d') in 0.011643 seconds 
========================================================================
Received Import Request.
  Time since last request: 0.000018 seconds.
  path: Assets/Scenes/Farm/Farm_5.asset
  artifactKey: Guid(6c9cce5712225d944ac3e14190b9a256) Importer(815301076,1909f56bfc062723c751e8b465ee728b)
Start importing Assets/Scenes/Farm/Farm_5.asset using Guid(6c9cce5712225d944ac3e14190b9a256) Importer(815301076,1909f56bfc062723c751e8b465ee728b)  -> (artifact id: '2048cea0abe89a76b95c04cc88323e73') in 0.007575 seconds 
========================================================================
Received Import Request.
  Time since last request: 2.421758 seconds.
  path: Assets/Scenes/Farm/Farm_3.asset
  artifactKey: Guid(af50c9b5c8b2c024e8f8a68919f62fc6) Importer(815301076,1909f56bfc062723c751e8b465ee728b)
Start importing Assets/Scenes/Farm/Farm_3.asset using Guid(af50c9b5c8b2c024e8f8a68919f62fc6) Importer(815301076,1909f56bfc062723c751e8b465ee728b)  -> (artifact id: '4fb3f75aed726044daf34b186d53ad42') in 0.011458 seconds 
========================================================================
Received Import Request.
  Time since last request: 0.000021 seconds.
  path: Assets/Scenes/Farm/Farm_11.asset
  artifactKey: Guid(84db93fa929af4347bd2013009d0b0b1) Importer(815301076,1909f56bfc062723c751e8b465ee728b)
Start importing Assets/Scenes/Farm/Farm_11.asset using Guid(84db93fa929af4347bd2013009d0b0b1) Importer(815301076,1909f56bfc062723c751e8b465ee728b)  -> (artifact id: '1c6a58811a46ffd6b172e3fa9316cdc3') in 0.007932 seconds 
========================================================================
Received Import Request.
  Time since last request: 4.965614 seconds.
  path: Assets/Scenes/Farm/Farm_3.asset
  artifactKey: Guid(af50c9b5c8b2c024e8f8a68919f62fc6) Importer(815301076,1909f56bfc062723c751e8b465ee728b)
Start importing Assets/Scenes/Farm/Farm_3.asset using Guid(af50c9b5c8b2c024e8f8a68919f62fc6) Importer(815301076,1909f56bfc062723c751e8b465ee728b)  -> (artifact id: '16b12321926c89723315c400d9ce3e09') in 0.012315 seconds 
========================================================================
Received Import Request.
  Time since last request: 0.000017 seconds.
  path: Assets/Scenes/Farm/Farm_14.asset
  artifactKey: Guid(95bbceb02ab1cb24db1b51ad389bcee6) Importer(815301076,1909f56bfc062723c751e8b465ee728b)
Start importing Assets/Scenes/Farm/Farm_14.asset using Guid(95bbceb02ab1cb24db1b51ad389bcee6) Importer(815301076,1909f56bfc062723c751e8b465ee728b)  -> (artifact id: 'f1efe46e019041a9b790585e982140f6') in 0.005203 seconds 
========================================================================
Received Import Request.
  Time since last request: 3.095414 seconds.
  path: Assets/Scenes/Farm/Farm_3.asset
  artifactKey: Guid(af50c9b5c8b2c024e8f8a68919f62fc6) Importer(815301076,1909f56bfc062723c751e8b465ee728b)
Start importing Assets/Scenes/Farm/Farm_3.asset using Guid(af50c9b5c8b2c024e8f8a68919f62fc6) Importer(815301076,1909f56bfc062723c751e8b465ee728b)  -> (artifact id: '44aa33c0d60e9d43fe82f9216d7be1d4') in 0.010493 seconds 
========================================================================
Received Import Request.
  Time since last request: 0.000015 seconds.
  path: Assets/Scenes/Farm/Farm_14.asset
  artifactKey: Guid(95bbceb02ab1cb24db1b51ad389bcee6) Importer(815301076,1909f56bfc062723c751e8b465ee728b)
Start importing Assets/Scenes/Farm/Farm_14.asset using Guid(95bbceb02ab1cb24db1b51ad389bcee6) Importer(815301076,1909f56bfc062723c751e8b465ee728b)  -> (artifact id: 'd09dde7f43f59580e24d699b83da9308') in 0.007690 seconds 
========================================================================
Received Import Request.
  Time since last request: 11.633077 seconds.
  path: Assets/Scenes/Farm/Farm_3.asset
  artifactKey: Guid(af50c9b5c8b2c024e8f8a68919f62fc6) Importer(815301076,1909f56bfc062723c751e8b465ee728b)
Start importing Assets/Scenes/Farm/Farm_3.asset using Guid(af50c9b5c8b2c024e8f8a68919f62fc6) Importer(815301076,1909f56bfc062723c751e8b465ee728b)  -> (artifact id: '32b1d6001a6c06bc46f712d07fe8a2e0') in 0.013440 seconds 
========================================================================
Received Import Request.
  Time since last request: 0.000021 seconds.
  path: Assets/Scenes/Farm/Farm_11.asset
  artifactKey: Guid(84db93fa929af4347bd2013009d0b0b1) Importer(815301076,1909f56bfc062723c751e8b465ee728b)
Start importing Assets/Scenes/Farm/Farm_11.asset using Guid(84db93fa929af4347bd2013009d0b0b1) Importer(815301076,1909f56bfc062723c751e8b465ee728b)  -> (artifact id: '6fc2527b0f102886fbf4e59d70942eff') in 0.011858 seconds 
========================================================================
Received Import Request.
  Time since last request: 5.407805 seconds.
  path: Assets/Scenes/Farm/Farm_3.asset
  artifactKey: Guid(af50c9b5c8b2c024e8f8a68919f62fc6) Importer(815301076,1909f56bfc062723c751e8b465ee728b)
Start importing Assets/Scenes/Farm/Farm_3.asset using Guid(af50c9b5c8b2c024e8f8a68919f62fc6) Importer(815301076,1909f56bfc062723c751e8b465ee728b)  -> (artifact id: 'ed84b4f2a398e4a05675ba171e3c2868') in 0.013174 seconds 
========================================================================
Received Import Request.
  Time since last request: 0.000015 seconds.
  path: Assets/Scenes/Farm/Farm_12.asset
  artifactKey: Guid(8dd4caf6b65ad084e94fb4e995251988) Importer(815301076,1909f56bfc062723c751e8b465ee728b)
Start importing Assets/Scenes/Farm/Farm_12.asset using Guid(8dd4caf6b65ad084e94fb4e995251988) Importer(815301076,1909f56bfc062723c751e8b465ee728b)  -> (artifact id: '24dbd73d91f907da54b23a76532277c4') in 0.009676 seconds 
========================================================================
Received Import Request.
  Time since last request: 3.515847 seconds.
  path: Assets/Scenes/Farm/Farm_3.asset
  artifactKey: Guid(af50c9b5c8b2c024e8f8a68919f62fc6) Importer(815301076,1909f56bfc062723c751e8b465ee728b)
Start importing Assets/Scenes/Farm/Farm_3.asset using Guid(af50c9b5c8b2c024e8f8a68919f62fc6) Importer(815301076,1909f56bfc062723c751e8b465ee728b)  -> (artifact id: '5a40893592d88b32c2bc21b0a4aa7223') in 0.009164 seconds 
========================================================================
Received Import Request.
  Time since last request: 0.000015 seconds.
  path: Assets/Scenes/Farm/Farm_12.asset
  artifactKey: Guid(8dd4caf6b65ad084e94fb4e995251988) Importer(815301076,1909f56bfc062723c751e8b465ee728b)
Start importing Assets/Scenes/Farm/Farm_12.asset using Guid(8dd4caf6b65ad084e94fb4e995251988) Importer(815301076,1909f56bfc062723c751e8b465ee728b)  -> (artifact id: '25883643f03f0273ce63e89c388c8be0') in 0.006874 seconds 
========================================================================
Received Import Request.
  Time since last request: 4.778011 seconds.
  path: Assets/Scenes/Farm/Farm_3.asset
  artifactKey: Guid(af50c9b5c8b2c024e8f8a68919f62fc6) Importer(815301076,1909f56bfc062723c751e8b465ee728b)
Start importing Assets/Scenes/Farm/Farm_3.asset using Guid(af50c9b5c8b2c024e8f8a68919f62fc6) Importer(815301076,1909f56bfc062723c751e8b465ee728b)  -> (artifact id: '02a337395f72238344f8ce52c3b60665') in 0.011477 seconds 
========================================================================
Received Import Request.
  Time since last request: 0.000018 seconds.
  path: Assets/Scenes/Farm/Farm_11.asset
  artifactKey: Guid(84db93fa929af4347bd2013009d0b0b1) Importer(815301076,1909f56bfc062723c751e8b465ee728b)
Start importing Assets/Scenes/Farm/Farm_11.asset using Guid(84db93fa929af4347bd2013009d0b0b1) Importer(815301076,1909f56bfc062723c751e8b465ee728b)  -> (artifact id: '7187e360b8dcdd326bf6a1ece7407806') in 0.009318 seconds 
========================================================================
Received Import Request.
  Time since last request: 0.000018 seconds.
  path: Assets/Scenes/Farm/Farm_12.asset
  artifactKey: Guid(8dd4caf6b65ad084e94fb4e995251988) Importer(815301076,1909f56bfc062723c751e8b465ee728b)
Start importing Assets/Scenes/Farm/Farm_12.asset using Guid(8dd4caf6b65ad084e94fb4e995251988) Importer(815301076,1909f56bfc062723c751e8b465ee728b)  -> (artifact id: '96aa3bfcbf4ca5cdad38af85f53268bd') in 0.006053 seconds 
========================================================================
Received Import Request.
  Time since last request: 2.323510 seconds.
  path: Assets/Scenes/Farm/Farm_3.asset
  artifactKey: Guid(af50c9b5c8b2c024e8f8a68919f62fc6) Importer(815301076,1909f56bfc062723c751e8b465ee728b)
Start importing Assets/Scenes/Farm/Farm_3.asset using Guid(af50c9b5c8b2c024e8f8a68919f62fc6) Importer(815301076,1909f56bfc062723c751e8b465ee728b)  -> (artifact id: 'd33bb7fd3c83720a0465e3b1110c3fb3') in 0.010536 seconds 
========================================================================
Received Import Request.
  Time since last request: 0.000017 seconds.
  path: Assets/Scenes/Farm/Farm_5.asset
  artifactKey: Guid(6c9cce5712225d944ac3e14190b9a256) Importer(815301076,1909f56bfc062723c751e8b465ee728b)
Start importing Assets/Scenes/Farm/Farm_5.asset using Guid(6c9cce5712225d944ac3e14190b9a256) Importer(815301076,1909f56bfc062723c751e8b465ee728b)  -> (artifact id: '6c40861f151f30deaff6024542188ec5') in 0.009030 seconds 
========================================================================
Received Import Request.
  Time since last request: 2.707831 seconds.
  path: Assets/Scenes/Farm/Farm_3.asset
  artifactKey: Guid(af50c9b5c8b2c024e8f8a68919f62fc6) Importer(815301076,1909f56bfc062723c751e8b465ee728b)
Start importing Assets/Scenes/Farm/Farm_3.asset using Guid(af50c9b5c8b2c024e8f8a68919f62fc6) Importer(815301076,1909f56bfc062723c751e8b465ee728b)  -> (artifact id: 'f1d93d61a0e6220460590ea66bcfd54d') in 0.011054 seconds 
========================================================================
Received Import Request.
  Time since last request: 0.000017 seconds.
  path: Assets/Scenes/Farm/Farm_11.asset
  artifactKey: Guid(84db93fa929af4347bd2013009d0b0b1) Importer(815301076,1909f56bfc062723c751e8b465ee728b)
Start importing Assets/Scenes/Farm/Farm_11.asset using Guid(84db93fa929af4347bd2013009d0b0b1) Importer(815301076,1909f56bfc062723c751e8b465ee728b)  -> (artifact id: 'c2aaeb7d5cdb7909843929d0f6d70289') in 0.012061 seconds 
========================================================================
Received Import Request.
  Time since last request: 0.000015 seconds.
  path: Assets/Scenes/Farm/Farm_12.asset
  artifactKey: Guid(8dd4caf6b65ad084e94fb4e995251988) Importer(815301076,1909f56bfc062723c751e8b465ee728b)
Start importing Assets/Scenes/Farm/Farm_12.asset using Guid(8dd4caf6b65ad084e94fb4e995251988) Importer(815301076,1909f56bfc062723c751e8b465ee728b)  -> (artifact id: '5c1683a7bbffe1e0ece2f8554455a73f') in 0.005660 seconds 
========================================================================
Received Import Request.
  Time since last request: 2.009308 seconds.
  path: Assets/Scenes/Farm/Farm_3.asset
  artifactKey: Guid(af50c9b5c8b2c024e8f8a68919f62fc6) Importer(815301076,1909f56bfc062723c751e8b465ee728b)
Start importing Assets/Scenes/Farm/Farm_3.asset using Guid(af50c9b5c8b2c024e8f8a68919f62fc6) Importer(815301076,1909f56bfc062723c751e8b465ee728b)  -> (artifact id: 'a9500c44dcc3aeea9ec6c8609ae1835f') in 0.008542 seconds 
========================================================================
Received Import Request.
  Time since last request: 0.000015 seconds.
  path: Assets/Scenes/Farm/Farm_13.asset
  artifactKey: Guid(a1b6a1e6a21cc864da5b18c76d11dab4) Importer(815301076,1909f56bfc062723c751e8b465ee728b)
Start importing Assets/Scenes/Farm/Farm_13.asset using Guid(a1b6a1e6a21cc864da5b18c76d11dab4) Importer(815301076,1909f56bfc062723c751e8b465ee728b)  -> (artifact id: 'c8981d182011f3218948a55957e07618') in 0.004841 seconds 
========================================================================
Received Import Request.
  Time since last request: 2.109929 seconds.
  path: Assets/Scenes/Farm/Farm_3.asset
  artifactKey: Guid(af50c9b5c8b2c024e8f8a68919f62fc6) Importer(815301076,1909f56bfc062723c751e8b465ee728b)
Start importing Assets/Scenes/Farm/Farm_3.asset using Guid(af50c9b5c8b2c024e8f8a68919f62fc6) Importer(815301076,1909f56bfc062723c751e8b465ee728b)  -> (artifact id: 'dc79d1b102a0a5aa2f43425cf8307b43') in 0.011787 seconds 
========================================================================
Received Import Request.
  Time since last request: 0.000015 seconds.
  path: Assets/Scenes/Farm/Farm_12.asset
  artifactKey: Guid(8dd4caf6b65ad084e94fb4e995251988) Importer(815301076,1909f56bfc062723c751e8b465ee728b)
Start importing Assets/Scenes/Farm/Farm_12.asset using Guid(8dd4caf6b65ad084e94fb4e995251988) Importer(815301076,1909f56bfc062723c751e8b465ee728b)  -> (artifact id: '12869f05946f55d7d4e5d4550d6d7fc4') in 0.007418 seconds 
========================================================================
Received Import Request.
  Time since last request: 6.161958 seconds.
  path: Assets/Scenes/Farm/Farm_3.asset
  artifactKey: Guid(af50c9b5c8b2c024e8f8a68919f62fc6) Importer(815301076,1909f56bfc062723c751e8b465ee728b)
Start importing Assets/Scenes/Farm/Farm_3.asset using Guid(af50c9b5c8b2c024e8f8a68919f62fc6) Importer(815301076,1909f56bfc062723c751e8b465ee728b)  -> (artifact id: '4d51b3830f01ebfd5d1e72c3118c6930') in 0.010030 seconds 
========================================================================
Received Import Request.
  Time since last request: 0.000018 seconds.
  path: Assets/Scenes/Farm/Farm_14.asset
  artifactKey: Guid(95bbceb02ab1cb24db1b51ad389bcee6) Importer(815301076,1909f56bfc062723c751e8b465ee728b)
Start importing Assets/Scenes/Farm/Farm_14.asset using Guid(95bbceb02ab1cb24db1b51ad389bcee6) Importer(815301076,1909f56bfc062723c751e8b465ee728b)  -> (artifact id: 'b95c2f307b9686f1293cb3e06429c664') in 0.009299 seconds 
========================================================================
Received Import Request.
  Time since last request: 1.711629 seconds.
  path: Assets/Scenes/Farm/Farm_3.asset
  artifactKey: Guid(af50c9b5c8b2c024e8f8a68919f62fc6) Importer(815301076,1909f56bfc062723c751e8b465ee728b)
Start importing Assets/Scenes/Farm/Farm_3.asset using Guid(af50c9b5c8b2c024e8f8a68919f62fc6) Importer(815301076,1909f56bfc062723c751e8b465ee728b)  -> (artifact id: '52c29854993b504d7c11dd4c99491051') in 0.017761 seconds 
========================================================================
Received Import Request.
  Time since last request: 0.000018 seconds.
  path: Assets/Scenes/Farm/Farm_12.asset
  artifactKey: Guid(8dd4caf6b65ad084e94fb4e995251988) Importer(815301076,1909f56bfc062723c751e8b465ee728b)
Start importing Assets/Scenes/Farm/Farm_12.asset using Guid(8dd4caf6b65ad084e94fb4e995251988) Importer(815301076,1909f56bfc062723c751e8b465ee728b)  -> (artifact id: 'e31a941520d205ba0e73572e0df23a45') in 0.011947 seconds 
========================================================================
Received Import Request.
  Time since last request: 3.445890 seconds.
  path: Assets/Scenes/Farm/Farm_3.asset
  artifactKey: Guid(af50c9b5c8b2c024e8f8a68919f62fc6) Importer(815301076,1909f56bfc062723c751e8b465ee728b)
Start importing Assets/Scenes/Farm/Farm_3.asset using Guid(af50c9b5c8b2c024e8f8a68919f62fc6) Importer(815301076,1909f56bfc062723c751e8b465ee728b)  -> (artifact id: 'd42849fce2a9a8d029d319e5dc17ec4a') in 0.011974 seconds 
========================================================================
Received Import Request.
  Time since last request: 0.000019 seconds.
  path: Assets/Scenes/Farm/Farm_14.asset
  artifactKey: Guid(95bbceb02ab1cb24db1b51ad389bcee6) Importer(815301076,1909f56bfc062723c751e8b465ee728b)
Start importing Assets/Scenes/Farm/Farm_14.asset using Guid(95bbceb02ab1cb24db1b51ad389bcee6) Importer(815301076,1909f56bfc062723c751e8b465ee728b)  -> (artifact id: 'e2c9e5ead946f62d1e88f904e621368b') in 0.005346 seconds 
========================================================================
Received Import Request.
  Time since last request: 14.995654 seconds.
  path: Assets/Scenes/Farm/Farm_3.asset
  artifactKey: Guid(af50c9b5c8b2c024e8f8a68919f62fc6) Importer(815301076,1909f56bfc062723c751e8b465ee728b)
Start importing Assets/Scenes/Farm/Farm_3.asset using Guid(af50c9b5c8b2c024e8f8a68919f62fc6) Importer(815301076,1909f56bfc062723c751e8b465ee728b)  -> (artifact id: '92ebd065d058fab24b49f1b85341ff27') in 0.010162 seconds 
========================================================================
Received Import Request.
  Time since last request: 0.000019 seconds.
  path: Assets/Scenes/Farm/Farm_13.asset
  artifactKey: Guid(a1b6a1e6a21cc864da5b18c76d11dab4) Importer(815301076,1909f56bfc062723c751e8b465ee728b)
Start importing Assets/Scenes/Farm/Farm_13.asset using Guid(a1b6a1e6a21cc864da5b18c76d11dab4) Importer(815301076,1909f56bfc062723c751e8b465ee728b)  -> (artifact id: 'd75646312dc2be22d6843218a0d8f9b9') in 0.005483 seconds 
========================================================================
Received Import Request.
  Time since last request: 4.780659 seconds.
  path: Assets/Scenes/Farm/Farm_3.asset
  artifactKey: Guid(af50c9b5c8b2c024e8f8a68919f62fc6) Importer(815301076,1909f56bfc062723c751e8b465ee728b)
Start importing Assets/Scenes/Farm/Farm_3.asset using Guid(af50c9b5c8b2c024e8f8a68919f62fc6) Importer(815301076,1909f56bfc062723c751e8b465ee728b)  -> (artifact id: '06cda86a8eb343e3ff3ce056927dda9b') in 0.008441 seconds 
========================================================================
Received Import Request.
  Time since last request: 0.000013 seconds.
  path: Assets/Scenes/Farm/Farm_14.asset
  artifactKey: Guid(95bbceb02ab1cb24db1b51ad389bcee6) Importer(815301076,1909f56bfc062723c751e8b465ee728b)
Start importing Assets/Scenes/Farm/Farm_14.asset using Guid(95bbceb02ab1cb24db1b51ad389bcee6) Importer(815301076,1909f56bfc062723c751e8b465ee728b)  -> (artifact id: '286dd6221c387a91b8dd8f9d2ecbfac1') in 0.008568 seconds 
========================================================================
Received Import Request.
  Time since last request: 53.761038 seconds.
  path: Assets/Scenes/Farm/Farm_3.asset
  artifactKey: Guid(af50c9b5c8b2c024e8f8a68919f62fc6) Importer(815301076,1909f56bfc062723c751e8b465ee728b)
Start importing Assets/Scenes/Farm/Farm_3.asset using Guid(af50c9b5c8b2c024e8f8a68919f62fc6) Importer(815301076,1909f56bfc062723c751e8b465ee728b)  -> (artifact id: '35ec0546bb19e8fc0dfa0d648e5cc8e3') in 0.006628 seconds 
========================================================================
Received Import Request.
  Time since last request: 0.000018 seconds.
  path: Assets/Scenes/Farm/Farm_5.asset
  artifactKey: Guid(6c9cce5712225d944ac3e14190b9a256) Importer(815301076,1909f56bfc062723c751e8b465ee728b)
Start importing Assets/Scenes/Farm/Farm_5.asset using Guid(6c9cce5712225d944ac3e14190b9a256) Importer(815301076,1909f56bfc062723c751e8b465ee728b)  -> (artifact id: '7b6dc04fc6572de430c21e155a2f8d89') in 0.005453 seconds 
Editor requested this worker to shutdown with reason: Scaling down because of idle timeout
AssetImportWorker is now disconnected from the server
Process exiting
Exiting without the bug reporter. Application will terminate with return code 0