Using pre-set license
Built from '2021.3/staging' branch; Version is '2021.3.24f1 (cf10dcf7010d) revision 13570268'; Using compiler version '192829333'; Build Type 'Release'
OS: 'Windows 10  (10.0.19045) 64bit Core' Language: 'en' Physical Memory: 49063 MB
BatchMode: 1, IsHumanControllingUs: 0, StartBugReporterOnCrash: 0, Is64bit: 1, IsPro: 1

COMMAND LINE ARGUMENTS:
C:\Program Files\Unity\Hub\Editor\2021.3.24f1\Editor\Unity.exe
-adb2
-batchMode
-noUpm
-name
AssetImportWorker1
-projectPath
C:/Users/justi/OneDrive/Bureau/Creative/ethereal/Everglade
-logFile
Logs/AssetImportWorker1.log
-srvPort
10043
Successfully changed project path to: C:/Users/justi/OneDrive/Bureau/Creative/ethereal/Everglade
C:/Users/justi/OneDrive/Bureau/Creative/ethereal/Everglade
[UnityMemory] Configuration Parameters - Can be set up in boot.config
    "memorysetup-bucket-allocator-granularity=16"
    "memorysetup-bucket-allocator-bucket-count=8"
    "memorysetup-bucket-allocator-block-size=33554432"
    "memorysetup-bucket-allocator-block-count=8"
    "memorysetup-main-allocator-block-size=16777216"
    "memorysetup-thread-allocator-block-size=16777216"
    "memorysetup-gfx-main-allocator-block-size=16777216"
    "memorysetup-gfx-thread-allocator-block-size=16777216"
    "memorysetup-cache-allocator-block-size=4194304"
    "memorysetup-typetree-allocator-block-size=2097152"
    "memorysetup-profiler-bucket-allocator-granularity=16"
    "memorysetup-profiler-bucket-allocator-bucket-count=8"
    "memorysetup-profiler-bucket-allocator-block-size=33554432"
    "memorysetup-profiler-bucket-allocator-block-count=8"
    "memorysetup-profiler-allocator-block-size=16777216"
    "memorysetup-profiler-editor-allocator-block-size=1048576"
    "memorysetup-temp-allocator-size-main=16777216"
    "memorysetup-job-temp-allocator-block-size=2097152"
    "memorysetup-job-temp-allocator-block-size-background=1048576"
    "memorysetup-job-temp-allocator-reduction-small-platforms=262144"
    "memorysetup-temp-allocator-size-background-worker=32768"
    "memorysetup-temp-allocator-size-job-worker=262144"
    "memorysetup-temp-allocator-size-preload-manager=33554432"
    "memorysetup-temp-allocator-size-nav-mesh-worker=65536"
    "memorysetup-temp-allocator-size-audio-worker=65536"
    "memorysetup-temp-allocator-size-cloud-worker=32768"
    "memorysetup-temp-allocator-size-gi-baking-worker=262144"
    "memorysetup-temp-allocator-size-gfx=262144"
Player connection [43388] Host "[IP] 192.168.2.214 [Port] 0 [Flags] 2 [Guid] 2813585305 [EditorId] 2813585305 [Version] 1048832 [Id] WindowsEditor(7,PC-Justine) [Debug] 1 [PackageName] WindowsEditor [ProjectName] Editor" joined multi-casting on [225.0.0.222:54997]...

Player connection [43388] Host "[IP] 192.168.2.214 [Port] 0 [Flags] 2 [Guid] 2813585305 [EditorId] 2813585305 [Version] 1048832 [Id] WindowsEditor(7,PC-Justine) [Debug] 1 [PackageName] WindowsEditor [ProjectName] Editor" joined alternative multi-casting on [225.0.0.222:34997]...

Refreshing native plugins compatible for Editor in 68.75 ms, found 4 plugins.
Preloading 0 native plugins for Editor in 0.00 ms.
Initialize engine version: 2021.3.24f1 (cf10dcf7010d)
[Subsystems] Discovering subsystems at path C:/Program Files/Unity/Hub/Editor/2021.3.24f1/Editor/Data/Resources/UnitySubsystems
[Subsystems] Discovering subsystems at path C:/Users/justi/OneDrive/Bureau/Creative/ethereal/Everglade/Assets
GfxDevice: creating device client; threaded=0; jobified=0
Direct3D:
    Version:  Direct3D 11.0 [level 11.1]
    Renderer: NVIDIA GeForce RTX 3070 (ID=0x2484)
    Vendor:   NVIDIA
    VRAM:     8031 MB
    Driver:   31.0.15.2849
Initialize mono
Mono path[0] = 'C:/Program Files/Unity/Hub/Editor/2021.3.24f1/Editor/Data/Managed'
Mono path[1] = 'C:/Program Files/Unity/Hub/Editor/2021.3.24f1/Editor/Data/MonoBleedingEdge/lib/mono/unityjit-win32'
Mono config path = 'C:/Program Files/Unity/Hub/Editor/2021.3.24f1/Editor/Data/MonoBleedingEdge/etc'
Using monoOptions --debugger-agent=transport=dt_socket,embedding=1,server=y,suspend=n,address=127.0.0.1:56632
Begin MonoManager ReloadAssembly
Registering precompiled unity dll's ...
Register platform support module: C:/Program Files/Unity/Hub/Editor/2021.3.24f1/Editor/Data/PlaybackEngines/WebGLSupport/UnityEditor.WebGL.Extensions.dll
Register platform support module: C:/Program Files/Unity/Hub/Editor/2021.3.24f1/Editor/Data/PlaybackEngines/WindowsStandaloneSupport/UnityEditor.WindowsStandalone.Extensions.dll
Registered in 0.007567 seconds.
Native extension for WindowsStandalone target not found
Native extension for WebGL target not found
Refreshing native plugins compatible for Editor in 66.54 ms, found 4 plugins.
Preloading 0 native plugins for Editor in 0.00 ms.
Mono: successfully reloaded assembly
- Completed reload, in  0.501 seconds
Domain Reload Profiling:
	ReloadAssembly (501ms)
		BeginReloadAssembly (72ms)
			ExecutionOrderSort (0ms)
			DisableScriptedObjects (0ms)
			BackupInstance (0ms)
			ReleaseScriptingObjects (0ms)
			CreateAndSetChildDomain (1ms)
		EndReloadAssembly (349ms)
			LoadAssemblies (70ms)
			RebuildTransferFunctionScriptingTraits (0ms)
			SetupTypeCache (73ms)
			ReleaseScriptCaches (0ms)
			RebuildScriptCaches (21ms)
			SetupLoadedEditorAssemblies (215ms)
				LogAssemblyErrors (0ms)
				InitializePlatformSupportModulesInManaged (8ms)
				SetLoadedEditorAssemblies (0ms)
				RefreshPlugins (67ms)
				BeforeProcessingInitializeOnLoad (1ms)
				ProcessInitializeOnLoadAttributes (105ms)
				ProcessInitializeOnLoadMethodAttributes (33ms)
				AfterProcessingInitializeOnLoad (0ms)
				EditorAssembliesLoaded (0ms)
			ExecutionOrderSort2 (0ms)
			AwakeInstancesAfterBackupRestoration (0ms)
Platform modules already initialized, skipping
Registering precompiled user dll's ...
Registered in 0.007856 seconds.
Begin MonoManager ReloadAssembly
Symbol file LoadedFromMemory doesn't match image C:\Users\justi\OneDrive\Bureau\Creative\ethereal\Everglade\Library\PackageCache\com.unity.visualscripting@1.8.0\Editor\VisualScripting.Core\Dependencies\YamlDotNet\Unity.VisualScripting.YamlDotNet.dll
Symbol file LoadedFromMemory doesn't match image C:\Users\justi\OneDrive\Bureau\Creative\ethereal\Everglade\Library\PackageCache\com.unity.visualscripting@1.8.0\Editor\VisualScripting.Core\Dependencies\DotNetZip\Unity.VisualScripting.IonicZip.dll
Native extension for WindowsStandalone target not found
Native extension for WebGL target not found
Refreshing native plugins compatible for Editor in 64.36 ms, found 4 plugins.
Preloading 0 native plugins for Editor in 0.00 ms.
Mono: successfully reloaded assembly
- Completed reload, in  0.866 seconds
Domain Reload Profiling:
	ReloadAssembly (867ms)
		BeginReloadAssembly (104ms)
			ExecutionOrderSort (0ms)
			DisableScriptedObjects (5ms)
			BackupInstance (0ms)
			ReleaseScriptingObjects (0ms)
			CreateAndSetChildDomain (19ms)
		EndReloadAssembly (672ms)
			LoadAssemblies (89ms)
			RebuildTransferFunctionScriptingTraits (0ms)
			SetupTypeCache (162ms)
			ReleaseScriptCaches (1ms)
			RebuildScriptCaches (40ms)
			SetupLoadedEditorAssemblies (355ms)
				LogAssemblyErrors (0ms)
				InitializePlatformSupportModulesInManaged (5ms)
				SetLoadedEditorAssemblies (0ms)
				RefreshPlugins (64ms)
				BeforeProcessingInitializeOnLoad (81ms)
				ProcessInitializeOnLoadAttributes (166ms)
				ProcessInitializeOnLoadMethodAttributes (27ms)
				AfterProcessingInitializeOnLoad (11ms)
				EditorAssembliesLoaded (0ms)
			ExecutionOrderSort2 (0ms)
			AwakeInstancesAfterBackupRestoration (5ms)
Platform modules already initialized, skipping
========================================================================
Worker process is ready to serve import requests
Launched and connected shader compiler UnityShaderCompiler.exe after 0.05 seconds
Refreshing native plugins compatible for Editor in 0.77 ms, found 4 plugins.
Preloading 0 native plugins for Editor in 0.00 ms.
Unloading 3734 Unused Serialized files (Serialized files now loaded: 0)
Unloading 40 unused Assets / (185.5 KB). Loaded Objects now: 4189.
Memory consumption went from 142.8 MB to 142.6 MB.
Total: 3.035200 ms (FindLiveObjects: 0.291700 ms CreateObjectMapping: 0.187200 ms MarkObjects: 2.427000 ms  DeleteObjects: 0.128500 ms)

AssetImportParameters requested are different than current active one (requested -> active):
  custom:video-decoder-ogg-theora: a1e56fd34408186e4bbccfd4996cb3dc -> 
  custom:container-muxer-webm: aa71ff27fc2769a1b78a27578f13a17b -> 
  custom:container-demuxer-webm: 4f35f7cbe854078d1ac9338744f61a02 -> 
  custom:video-encoder-webm-vp8: eb34c28f22e8b96e1ab97ce403110664 -> 
  custom:audio-encoder-webm-vorbis: bf7c407c2cedff20999df2af8eb42d56 -> 
  custom:framework-win-MediaFoundation: 216162199b28c13a410421893ffa2e32 -> 
  custom:container-demuxer-ogg: 62fdf1f143b41e24485cea50d1cbac27 -> 
  custom:video-decoder-webm-vp8: 9c59270c3fd7afecdb556c50c9e8de78 -> 
  custom:audio-decoder-ogg-vorbis: bf7c407c2cedff20999df2af8eb42d56 -> 
========================================================================
Received Import Request.
  Time since last request: 360716.222981 seconds.
  path: Assets/Farm/Terrain/Farm_1.asset
  artifactKey: Guid(95975a3a9ef8ecb4891a955236e7305d) Importer(815301076,1909f56bfc062723c751e8b465ee728b)
Start importing Assets/Farm/Terrain/Farm_1.asset using Guid(95975a3a9ef8ecb4891a955236e7305d) Importer(815301076,1909f56bfc062723c751e8b465ee728b)  -> (artifact id: '01056ef095816c47b7279992ee189ec1') in 0.069503 seconds 
========================================================================
Received Import Request.
  Time since last request: 0.000034 seconds.
  path: Assets/Farm/Terrain/Farm_7.asset
  artifactKey: Guid(8f8b1d9c277269744bb1cb57f1c1d5e6) Importer(815301076,1909f56bfc062723c751e8b465ee728b)
Start importing Assets/Farm/Terrain/Farm_7.asset using Guid(8f8b1d9c277269744bb1cb57f1c1d5e6) Importer(815301076,1909f56bfc062723c751e8b465ee728b)  -> (artifact id: '7cc4bf866181e0b2ee3250bea9f23a3d') in 0.015466 seconds 
========================================================================
Received Import Request.
  Time since last request: 0.000035 seconds.
  path: Assets/Farm/Terrain/Farm_11.asset
  artifactKey: Guid(bad91169e9d0b0849b3e4cfc32314fa8) Importer(815301076,1909f56bfc062723c751e8b465ee728b)
Start importing Assets/Farm/Terrain/Farm_11.asset using Guid(bad91169e9d0b0849b3e4cfc32314fa8) Importer(815301076,1909f56bfc062723c751e8b465ee728b)  -> (artifact id: 'b925f01b06587799aa1313818547305f') in 0.012946 seconds 
========================================================================
Received Import Request.
  Time since last request: 0.000032 seconds.
  path: Assets/Farm/Terrain/Farm_Terrain_Palette.prefab
  artifactKey: Guid(5a35292b4c1aef24dbb64d9ccd959b57) Importer(815301076,1909f56bfc062723c751e8b465ee728b)
Start importing Assets/Farm/Terrain/Farm_Terrain_Palette.prefab using Guid(5a35292b4c1aef24dbb64d9ccd959b57) Importer(815301076,1909f56bfc062723c751e8b465ee728b)  -> (artifact id: '947c0ebd4a60abdfda1d4bc99aab6ab7') in 0.066882 seconds 
========================================================================
Received Import Request.
  Time since last request: 0.000023 seconds.
  path: Assets/Farm/Terrain/Farm_14.asset
  artifactKey: Guid(b1274ae002a4956459848c1a9dc97c13) Importer(815301076,1909f56bfc062723c751e8b465ee728b)
Start importing Assets/Farm/Terrain/Farm_14.asset using Guid(b1274ae002a4956459848c1a9dc97c13) Importer(815301076,1909f56bfc062723c751e8b465ee728b)  -> (artifact id: 'ca6c8b5613d9d2fdde42f74f385a914b') in 0.013383 seconds 
========================================================================
Received Import Request.
  Time since last request: 0.000016 seconds.
  path: Assets/Farm/Terrain/Farm_5.asset
  artifactKey: Guid(f2488f58f8bd4494698795c7fe988bb3) Importer(815301076,1909f56bfc062723c751e8b465ee728b)
Start importing Assets/Farm/Terrain/Farm_5.asset using Guid(f2488f58f8bd4494698795c7fe988bb3) Importer(815301076,1909f56bfc062723c751e8b465ee728b)  -> (artifact id: '7c96c365298067b7f07f2ec39caf03e7') in 0.012905 seconds 
========================================================================
Received Import Request.
  Time since last request: 24.059331 seconds.
  path: Assets/Farm/Terrain/Farm_2.asset
  artifactKey: Guid(4a21fe0a503ae2648b1678a16c583f9b) Importer(815301076,1909f56bfc062723c751e8b465ee728b)
Start importing Assets/Farm/Terrain/Farm_2.asset using Guid(4a21fe0a503ae2648b1678a16c583f9b) Importer(815301076,1909f56bfc062723c751e8b465ee728b)  -> (artifact id: '1d0f47d2b9fa5b6df5b2a038b46ee055') in 0.008318 seconds 
========================================================================
Received Import Request.
  Time since last request: 0.000026 seconds.
  path: Assets/Farm/Terrain/Farm_13.asset
  artifactKey: Guid(a6d3746f78bab0740a1b07c1ff077dc1) Importer(815301076,1909f56bfc062723c751e8b465ee728b)
Start importing Assets/Farm/Terrain/Farm_13.asset using Guid(a6d3746f78bab0740a1b07c1ff077dc1) Importer(815301076,1909f56bfc062723c751e8b465ee728b)  -> (artifact id: '69702458919b47eb36c559f30eb1cb04') in 0.010659 seconds 
========================================================================
Received Import Request.
  Time since last request: 0.000024 seconds.
  path: Assets/Farm/Terrain/Farm_10.asset
  artifactKey: Guid(6d2c7b6cb82967c4ab02a7d6cc0824a8) Importer(815301076,1909f56bfc062723c751e8b465ee728b)
Start importing Assets/Farm/Terrain/Farm_10.asset using Guid(6d2c7b6cb82967c4ab02a7d6cc0824a8) Importer(815301076,1909f56bfc062723c751e8b465ee728b)  -> (artifact id: '978821c41b9d4aaa93774674801a0612') in 0.013074 seconds 
========================================================================
Received Import Request.
  Time since last request: 0.000020 seconds.
  path: Assets/Farm/Terrain/Farm_11.asset
  artifactKey: Guid(bad91169e9d0b0849b3e4cfc32314fa8) Importer(815301076,1909f56bfc062723c751e8b465ee728b)
Start importing Assets/Farm/Terrain/Farm_11.asset using Guid(bad91169e9d0b0849b3e4cfc32314fa8) Importer(815301076,1909f56bfc062723c751e8b465ee728b)  -> (artifact id: '71eb7d347dc640864262dbcffd9c58eb') in 0.015962 seconds 
========================================================================
Received Import Request.
  Time since last request: 15.962556 seconds.
  path: Assets/Farm/Terrain/Farm_4.asset
  artifactKey: Guid(98c13a894cdf14646a2d54ed30b557ba) Importer(815301076,1909f56bfc062723c751e8b465ee728b)
Start importing Assets/Farm/Terrain/Farm_4.asset using Guid(98c13a894cdf14646a2d54ed30b557ba) Importer(815301076,1909f56bfc062723c751e8b465ee728b)  -> (artifact id: '7a52191e65cbb4235787c0fa182d5778') in 0.007116 seconds 
Editor requested this worker to shutdown with reason: Scaling down because of idle timeout
AssetImportWorker is now disconnected from the server
Process exiting
Exiting without the bug reporter. Application will terminate with return code 0