Using pre-set license
Built from '2021.3/staging' branch; Version is '2021.3.24f1 (cf10dcf7010d) revision 13570268'; Using compiler version '192829333'; Build Type 'Release'
OS: 'Windows 10  (10.0.19045) 64bit Core' Language: 'en' Physical Memory: 49063 MB
BatchMode: 1, IsHumanControllingUs: 0, StartBugReporterOnCrash: 0, Is64bit: 1, IsPro: 1

COMMAND LINE ARGUMENTS:
C:\Program Files\Unity\Hub\Editor\2021.3.24f1\Editor\Unity.exe
-adb2
-batchMode
-noUpm
-name
AssetImportWorker4
-projectPath
C:/Users/justi/OneDrive/Bureau/Creative/ethereal/Everglade
-logFile
Logs/AssetImportWorker4.log
-srvPort
37823
Successfully changed project path to: C:/Users/justi/OneDrive/Bureau/Creative/ethereal/Everglade
C:/Users/justi/OneDrive/Bureau/Creative/ethereal/Everglade
[UnityMemory] Configuration Parameters - Can be set up in boot.config
    "memorysetup-bucket-allocator-granularity=16"
    "memorysetup-bucket-allocator-bucket-count=8"
    "memorysetup-bucket-allocator-block-size=33554432"
    "memorysetup-bucket-allocator-block-count=8"
    "memorysetup-main-allocator-block-size=16777216"
    "memorysetup-thread-allocator-block-size=16777216"
    "memorysetup-gfx-main-allocator-block-size=16777216"
    "memorysetup-gfx-thread-allocator-block-size=16777216"
    "memorysetup-cache-allocator-block-size=4194304"
    "memorysetup-typetree-allocator-block-size=2097152"
    "memorysetup-profiler-bucket-allocator-granularity=16"
    "memorysetup-profiler-bucket-allocator-bucket-count=8"
    "memorysetup-profiler-bucket-allocator-block-size=33554432"
    "memorysetup-profiler-bucket-allocator-block-count=8"
    "memorysetup-profiler-allocator-block-size=16777216"
    "memorysetup-profiler-editor-allocator-block-size=1048576"
    "memorysetup-temp-allocator-size-main=16777216"
    "memorysetup-job-temp-allocator-block-size=2097152"
    "memorysetup-job-temp-allocator-block-size-background=1048576"
    "memorysetup-job-temp-allocator-reduction-small-platforms=262144"
    "memorysetup-temp-allocator-size-background-worker=32768"
    "memorysetup-temp-allocator-size-job-worker=262144"
    "memorysetup-temp-allocator-size-preload-manager=33554432"
    "memorysetup-temp-allocator-size-nav-mesh-worker=65536"
    "memorysetup-temp-allocator-size-audio-worker=65536"
    "memorysetup-temp-allocator-size-cloud-worker=32768"
    "memorysetup-temp-allocator-size-gi-baking-worker=262144"
    "memorysetup-temp-allocator-size-gfx=262144"
Player connection [16928] Host "[IP] 192.168.2.214 [Port] 0 [Flags] 2 [Guid] 4276189433 [EditorId] 4276189433 [Version] 1048832 [Id] WindowsEditor(7,PC-Justine) [Debug] 1 [PackageName] WindowsEditor [ProjectName] Editor" joined multi-casting on [225.0.0.222:54997]...

Player connection [16928] Host "[IP] 192.168.2.214 [Port] 0 [Flags] 2 [Guid] 4276189433 [EditorId] 4276189433 [Version] 1048832 [Id] WindowsEditor(7,PC-Justine) [Debug] 1 [PackageName] WindowsEditor [ProjectName] Editor" joined alternative multi-casting on [225.0.0.222:34997]...

Refreshing native plugins compatible for Editor in 72.12 ms, found 4 plugins.
Preloading 0 native plugins for Editor in 0.00 ms.
Initialize engine version: 2021.3.24f1 (cf10dcf7010d)
[Subsystems] Discovering subsystems at path C:/Program Files/Unity/Hub/Editor/2021.3.24f1/Editor/Data/Resources/UnitySubsystems
[Subsystems] Discovering subsystems at path C:/Users/justi/OneDrive/Bureau/Creative/ethereal/Everglade/Assets
GfxDevice: creating device client; threaded=0; jobified=0
Direct3D:
    Version:  Direct3D 11.0 [level 11.1]
    Renderer: NVIDIA GeForce RTX 3070 (ID=0x2484)
    Vendor:   NVIDIA
    VRAM:     8031 MB
    Driver:   31.0.15.2849
Initialize mono
Mono path[0] = 'C:/Program Files/Unity/Hub/Editor/2021.3.24f1/Editor/Data/Managed'
Mono path[1] = 'C:/Program Files/Unity/Hub/Editor/2021.3.24f1/Editor/Data/MonoBleedingEdge/lib/mono/unityjit-win32'
Mono config path = 'C:/Program Files/Unity/Hub/Editor/2021.3.24f1/Editor/Data/MonoBleedingEdge/etc'
Using monoOptions --debugger-agent=transport=dt_socket,embedding=1,server=y,suspend=n,address=127.0.0.1:56328
Begin MonoManager ReloadAssembly
Registering precompiled unity dll's ...
Register platform support module: C:/Program Files/Unity/Hub/Editor/2021.3.24f1/Editor/Data/PlaybackEngines/WebGLSupport/UnityEditor.WebGL.Extensions.dll
Register platform support module: C:/Program Files/Unity/Hub/Editor/2021.3.24f1/Editor/Data/PlaybackEngines/WindowsStandaloneSupport/UnityEditor.WindowsStandalone.Extensions.dll
Registered in 0.010133 seconds.
Native extension for WindowsStandalone target not found
Native extension for WebGL target not found
Refreshing native plugins compatible for Editor in 66.41 ms, found 4 plugins.
Preloading 0 native plugins for Editor in 0.00 ms.
Mono: successfully reloaded assembly
- Completed reload, in  0.539 seconds
Domain Reload Profiling:
	ReloadAssembly (539ms)
		BeginReloadAssembly (79ms)
			ExecutionOrderSort (0ms)
			DisableScriptedObjects (0ms)
			BackupInstance (0ms)
			ReleaseScriptingObjects (0ms)
			CreateAndSetChildDomain (1ms)
		EndReloadAssembly (371ms)
			LoadAssemblies (77ms)
			RebuildTransferFunctionScriptingTraits (0ms)
			SetupTypeCache (79ms)
			ReleaseScriptCaches (0ms)
			RebuildScriptCaches (21ms)
			SetupLoadedEditorAssemblies (228ms)
				LogAssemblyErrors (0ms)
				InitializePlatformSupportModulesInManaged (9ms)
				SetLoadedEditorAssemblies (0ms)
				RefreshPlugins (66ms)
				BeforeProcessingInitializeOnLoad (1ms)
				ProcessInitializeOnLoadAttributes (116ms)
				ProcessInitializeOnLoadMethodAttributes (35ms)
				AfterProcessingInitializeOnLoad (0ms)
				EditorAssembliesLoaded (0ms)
			ExecutionOrderSort2 (0ms)
			AwakeInstancesAfterBackupRestoration (0ms)
Platform modules already initialized, skipping
Registering precompiled user dll's ...
Registered in 0.009916 seconds.
Begin MonoManager ReloadAssembly
Symbol file LoadedFromMemory doesn't match image C:\Users\justi\OneDrive\Bureau\Creative\ethereal\Everglade\Library\PackageCache\com.unity.visualscripting@1.8.0\Editor\VisualScripting.Core\Dependencies\YamlDotNet\Unity.VisualScripting.YamlDotNet.dll
Symbol file LoadedFromMemory doesn't match image C:\Users\justi\OneDrive\Bureau\Creative\ethereal\Everglade\Library\PackageCache\com.unity.visualscripting@1.8.0\Editor\VisualScripting.Core\Dependencies\DotNetZip\Unity.VisualScripting.IonicZip.dll
Native extension for WindowsStandalone target not found
Native extension for WebGL target not found
Refreshing native plugins compatible for Editor in 72.75 ms, found 4 plugins.
Preloading 0 native plugins for Editor in 0.00 ms.
Mono: successfully reloaded assembly
- Completed reload, in  0.920 seconds
Domain Reload Profiling:
	ReloadAssembly (921ms)
		BeginReloadAssembly (112ms)
			ExecutionOrderSort (0ms)
			DisableScriptedObjects (5ms)
			BackupInstance (0ms)
			ReleaseScriptingObjects (0ms)
			CreateAndSetChildDomain (19ms)
		EndReloadAssembly (714ms)
			LoadAssemblies (92ms)
			RebuildTransferFunctionScriptingTraits (0ms)
			SetupTypeCache (175ms)
			ReleaseScriptCaches (1ms)
			RebuildScriptCaches (44ms)
			SetupLoadedEditorAssemblies (374ms)
				LogAssemblyErrors (0ms)
				InitializePlatformSupportModulesInManaged (5ms)
				SetLoadedEditorAssemblies (0ms)
				RefreshPlugins (73ms)
				BeforeProcessingInitializeOnLoad (82ms)
				ProcessInitializeOnLoadAttributes (173ms)
				ProcessInitializeOnLoadMethodAttributes (30ms)
				AfterProcessingInitializeOnLoad (10ms)
				EditorAssembliesLoaded (0ms)
			ExecutionOrderSort2 (0ms)
			AwakeInstancesAfterBackupRestoration (5ms)
Platform modules already initialized, skipping
========================================================================
Worker process is ready to serve import requests
Launched and connected shader compiler UnityShaderCompiler.exe after 0.04 seconds
Refreshing native plugins compatible for Editor in 1.28 ms, found 4 plugins.
Preloading 0 native plugins for Editor in 0.00 ms.
Unloading 3734 Unused Serialized files (Serialized files now loaded: 0)
Unloading 40 unused Assets / (185.5 KB). Loaded Objects now: 4189.
Memory consumption went from 142.8 MB to 142.6 MB.
Total: 2.796200 ms (FindLiveObjects: 0.256400 ms CreateObjectMapping: 0.087600 ms MarkObjects: 2.335700 ms  DeleteObjects: 0.116100 ms)

AssetImportParameters requested are different than current active one (requested -> active):
  custom:video-decoder-ogg-theora: a1e56fd34408186e4bbccfd4996cb3dc -> 
  custom:container-muxer-webm: aa71ff27fc2769a1b78a27578f13a17b -> 
  custom:container-demuxer-webm: 4f35f7cbe854078d1ac9338744f61a02 -> 
  custom:video-encoder-webm-vp8: eb34c28f22e8b96e1ab97ce403110664 -> 
  custom:audio-encoder-webm-vorbis: bf7c407c2cedff20999df2af8eb42d56 -> 
  custom:framework-win-MediaFoundation: 216162199b28c13a410421893ffa2e32 -> 
  custom:container-demuxer-ogg: 62fdf1f143b41e24485cea50d1cbac27 -> 
  custom:video-decoder-webm-vp8: 9c59270c3fd7afecdb556c50c9e8de78 -> 
  custom:audio-decoder-ogg-vorbis: bf7c407c2cedff20999df2af8eb42d56 -> 
========================================================================
Received Import Request.
  Time since last request: 111577.628039 seconds.
  path: Assets/Scenes/Farm/New Palette.prefab
  artifactKey: Guid(065d63d3facc4cf42a8f447a0341ea0c) Importer(815301076,1909f56bfc062723c751e8b465ee728b)
Start importing Assets/Scenes/Farm/New Palette.prefab using Guid(065d63d3facc4cf42a8f447a0341ea0c) Importer(815301076,1909f56bfc062723c751e8b465ee728b)  -> (artifact id: '4a4e114e3ed396161898271150a51080') in 0.087688 seconds 
========================================================================
Received Import Request.
  Time since last request: 4.700768 seconds.
  path: Assets/Scenes/Farm/New Palette.prefab
  artifactKey: Guid(065d63d3facc4cf42a8f447a0341ea0c) Importer(815301076,1909f56bfc062723c751e8b465ee728b)
Start importing Assets/Scenes/Farm/New Palette.prefab using Guid(065d63d3facc4cf42a8f447a0341ea0c) Importer(815301076,1909f56bfc062723c751e8b465ee728b)  -> (artifact id: '95aa02fbec3ac1160f81026c3075ebce') in 0.017649 seconds 
========================================================================
Received Import Request.
  Time since last request: 38.880003 seconds.
  path: Assets/Scenes/Farm/New Palette.prefab
  artifactKey: Guid(065d63d3facc4cf42a8f447a0341ea0c) Importer(815301076,1909f56bfc062723c751e8b465ee728b)
Start importing Assets/Scenes/Farm/New Palette.prefab using Guid(065d63d3facc4cf42a8f447a0341ea0c) Importer(815301076,1909f56bfc062723c751e8b465ee728b)  -> (artifact id: 'aa6c95e312dd0cd781558d4b6a58cbbf') in 0.014917 seconds 
========================================================================
Received Import Request.
  Time since last request: 50.872078 seconds.
  path: Assets/Scenes/Farm/New Palette.prefab
  artifactKey: Guid(065d63d3facc4cf42a8f447a0341ea0c) Importer(815301076,1909f56bfc062723c751e8b465ee728b)
Start importing Assets/Scenes/Farm/New Palette.prefab using Guid(065d63d3facc4cf42a8f447a0341ea0c) Importer(815301076,1909f56bfc062723c751e8b465ee728b)  -> (artifact id: '381e7d216cffc7a3f012fbe267b25185') in 0.015180 seconds 
========================================================================
Received Import Request.
  Time since last request: 5.818415 seconds.
  path: Assets/Scenes/Farm/New Palette.prefab
  artifactKey: Guid(065d63d3facc4cf42a8f447a0341ea0c) Importer(815301076,1909f56bfc062723c751e8b465ee728b)
Start importing Assets/Scenes/Farm/New Palette.prefab using Guid(065d63d3facc4cf42a8f447a0341ea0c) Importer(815301076,1909f56bfc062723c751e8b465ee728b)  -> (artifact id: 'c47e47120bc8d76e6d91e20ebdbdeee9') in 0.015967 seconds 
========================================================================
Received Import Request.
  Time since last request: 6.513299 seconds.
  path: Assets/Scenes/Farm/New Palette.prefab
  artifactKey: Guid(065d63d3facc4cf42a8f447a0341ea0c) Importer(815301076,1909f56bfc062723c751e8b465ee728b)
Start importing Assets/Scenes/Farm/New Palette.prefab using Guid(065d63d3facc4cf42a8f447a0341ea0c) Importer(815301076,1909f56bfc062723c751e8b465ee728b)  -> (artifact id: '33150a0bf0e50dd4085a9e5ecde91593') in 0.011880 seconds 
========================================================================
Received Import Request.
  Time since last request: 22.506125 seconds.
  path: Assets/Scenes/Farm/New Palette.prefab
  artifactKey: Guid(065d63d3facc4cf42a8f447a0341ea0c) Importer(815301076,1909f56bfc062723c751e8b465ee728b)
Start importing Assets/Scenes/Farm/New Palette.prefab using Guid(065d63d3facc4cf42a8f447a0341ea0c) Importer(815301076,1909f56bfc062723c751e8b465ee728b)  -> (artifact id: 'ed23308a95ca92f0bf37556bd772dcbe') in 0.015700 seconds 
========================================================================
Received Import Request.
  Time since last request: 14.451268 seconds.
  path: Assets/Scenes/Farm/New Palette.prefab
  artifactKey: Guid(065d63d3facc4cf42a8f447a0341ea0c) Importer(815301076,1909f56bfc062723c751e8b465ee728b)
Start importing Assets/Scenes/Farm/New Palette.prefab using Guid(065d63d3facc4cf42a8f447a0341ea0c) Importer(815301076,1909f56bfc062723c751e8b465ee728b)  -> (artifact id: '2444d7bf2ce75304586f4fabfcd32ca8') in 0.010349 seconds 
========================================================================
Received Import Request.
  Time since last request: 4.510835 seconds.
  path: Assets/Scenes/Farm/New Palette.prefab
  artifactKey: Guid(065d63d3facc4cf42a8f447a0341ea0c) Importer(815301076,1909f56bfc062723c751e8b465ee728b)
Start importing Assets/Scenes/Farm/New Palette.prefab using Guid(065d63d3facc4cf42a8f447a0341ea0c) Importer(815301076,1909f56bfc062723c751e8b465ee728b)  -> (artifact id: '5032f15b796ba818b585a88081efb1fc') in 0.013995 seconds 
========================================================================
Received Import Request.
  Time since last request: 184.509831 seconds.
  path: Assets/Scenes/Farm/Tilemap.prefab
  artifactKey: Guid(e05393e81aea0084aadf1da258d59691) Importer(815301076,1909f56bfc062723c751e8b465ee728b)
Start importing Assets/Scenes/Farm/Tilemap.prefab using Guid(e05393e81aea0084aadf1da258d59691) Importer(815301076,1909f56bfc062723c751e8b465ee728b)  -> (artifact id: 'a2cf356172164750b47f4036c9be80fa') in 0.012280 seconds 
========================================================================
Received Import Request.
  Time since last request: 338.491865 seconds.
  path: Assets/Scenes/Farm/Farm.png
  artifactKey: Guid(8da2eab154a864e42a36958945311b52) Importer(815301076,1909f56bfc062723c751e8b465ee728b)
Start importing Assets/Scenes/Farm/Farm.png using Guid(8da2eab154a864e42a36958945311b52) Importer(815301076,1909f56bfc062723c751e8b465ee728b)  -> (artifact id: 'd03da24bf30da21db5beafdb4a3037d1') in 0.051355 seconds 
========================================================================
Received Import Request.
  Time since last request: 13.044500 seconds.
  path: Assets/Scenes/Farm/New Palette.prefab
  artifactKey: Guid(065d63d3facc4cf42a8f447a0341ea0c) Importer(815301076,1909f56bfc062723c751e8b465ee728b)
Start importing Assets/Scenes/Farm/New Palette.prefab using Guid(065d63d3facc4cf42a8f447a0341ea0c) Importer(815301076,1909f56bfc062723c751e8b465ee728b)  -> (artifact id: '436dca75c0ea9e2c4b8c84b92e1e67b9') in 0.013040 seconds 
========================================================================
Received Import Request.
  Time since last request: 4.593416 seconds.
  path: Assets/Scenes/Farm/Farm_0.asset
  artifactKey: Guid(d8c8e751a86bda0449b96d30ac40bc22) Importer(815301076,1909f56bfc062723c751e8b465ee728b)
Start importing Assets/Scenes/Farm/Farm_0.asset using Guid(d8c8e751a86bda0449b96d30ac40bc22) Importer(815301076,1909f56bfc062723c751e8b465ee728b)  -> (artifact id: '50caab9c9374aa5ce9c9b503565a49c2') in 0.012295 seconds 
========================================================================
Received Import Request.
  Time since last request: 0.001756 seconds.
  path: Assets/Scenes/Farm/Farm_5.asset
  artifactKey: Guid(6c9cce5712225d944ac3e14190b9a256) Importer(815301076,1909f56bfc062723c751e8b465ee728b)
Start importing Assets/Scenes/Farm/Farm_5.asset using Guid(6c9cce5712225d944ac3e14190b9a256) Importer(815301076,1909f56bfc062723c751e8b465ee728b)  -> (artifact id: 'd552c9cb010ba3d2677c6d0142c7f9da') in 0.011880 seconds 
========================================================================
Received Import Request.
  Time since last request: 0.006160 seconds.
  path: Assets/Scenes/Farm/Farm_10.asset
  artifactKey: Guid(1ab1eef11288f82469cf4025a3a79bf7) Importer(815301076,1909f56bfc062723c751e8b465ee728b)
Start importing Assets/Scenes/Farm/Farm_10.asset using Guid(1ab1eef11288f82469cf4025a3a79bf7) Importer(815301076,1909f56bfc062723c751e8b465ee728b)  -> (artifact id: '32227decdc55410e9f572c77be3d4399') in 0.010705 seconds 
========================================================================
Received Import Request.
  Time since last request: 0.004889 seconds.
  path: Assets/Scenes/Farm/Farm_11.asset
  artifactKey: Guid(84db93fa929af4347bd2013009d0b0b1) Importer(815301076,1909f56bfc062723c751e8b465ee728b)
Start importing Assets/Scenes/Farm/Farm_11.asset using Guid(84db93fa929af4347bd2013009d0b0b1) Importer(815301076,1909f56bfc062723c751e8b465ee728b)  -> (artifact id: '88c930029509753c24710b9a07dbbb69') in 0.011694 seconds 
========================================================================
Received Import Request.
  Time since last request: 0.000025 seconds.
  path: Assets/Scenes/Farm/Farm_4.asset
  artifactKey: Guid(6925ca8fd15abc34c813936afc5da323) Importer(815301076,1909f56bfc062723c751e8b465ee728b)
Start importing Assets/Scenes/Farm/Farm_4.asset using Guid(6925ca8fd15abc34c813936afc5da323) Importer(815301076,1909f56bfc062723c751e8b465ee728b)  -> (artifact id: '3ddc5a8ba20394b62b4595c17d17397e') in 0.009498 seconds 
========================================================================
Received Import Request.
  Time since last request: 0.000021 seconds.
  path: Assets/Scenes/Farm/New Palette.prefab
  artifactKey: Guid(065d63d3facc4cf42a8f447a0341ea0c) Importer(815301076,1909f56bfc062723c751e8b465ee728b)
Start importing Assets/Scenes/Farm/New Palette.prefab using Guid(065d63d3facc4cf42a8f447a0341ea0c) Importer(815301076,1909f56bfc062723c751e8b465ee728b)  -> (artifact id: 'd7a831c37f99222b08ddefee1ad06d39') in 0.014275 seconds 
========================================================================
Received Import Request.
  Time since last request: 0.000024 seconds.
  path: Assets/Scenes/Farm/Farm_3.asset
  artifactKey: Guid(af50c9b5c8b2c024e8f8a68919f62fc6) Importer(815301076,1909f56bfc062723c751e8b465ee728b)
Start importing Assets/Scenes/Farm/Farm_3.asset using Guid(af50c9b5c8b2c024e8f8a68919f62fc6) Importer(815301076,1909f56bfc062723c751e8b465ee728b)  -> (artifact id: '7d4fa57831b4d5c8e9c4e9fb5ea3e66f') in 0.010935 seconds 
========================================================================
Received Import Request.
  Time since last request: 0.000024 seconds.
  path: Assets/Scenes/Farm/Farm_8.asset
  artifactKey: Guid(91b19438b5b2e6a46910830cd87f9748) Importer(815301076,1909f56bfc062723c751e8b465ee728b)
Start importing Assets/Scenes/Farm/Farm_8.asset using Guid(91b19438b5b2e6a46910830cd87f9748) Importer(815301076,1909f56bfc062723c751e8b465ee728b)  -> (artifact id: '0ad86546c0080a7eb7880bca6379c4a5') in 0.011693 seconds 
========================================================================
Received Import Request.
  Time since last request: 0.000024 seconds.
  path: Assets/Scenes/Farm/Farm_2.asset
  artifactKey: Guid(ebdb4a298539be542bd3b1f03db20349) Importer(815301076,1909f56bfc062723c751e8b465ee728b)
Start importing Assets/Scenes/Farm/Farm_2.asset using Guid(ebdb4a298539be542bd3b1f03db20349) Importer(815301076,1909f56bfc062723c751e8b465ee728b)  -> (artifact id: 'e8b7cd449db2d36625b573e40119a597') in 0.010563 seconds 
========================================================================
Received Import Request.
  Time since last request: 0.000016 seconds.
  path: Assets/Scenes/Farm/Farm_12.asset
  artifactKey: Guid(8dd4caf6b65ad084e94fb4e995251988) Importer(815301076,1909f56bfc062723c751e8b465ee728b)
Start importing Assets/Scenes/Farm/Farm_12.asset using Guid(8dd4caf6b65ad084e94fb4e995251988) Importer(815301076,1909f56bfc062723c751e8b465ee728b)  -> (artifact id: '70295a6fadf600a3a00ba5ccb0b175bc') in 0.010410 seconds 
Editor requested this worker to shutdown with reason: Scaling down because of idle timeout
AssetImportWorker is now disconnected from the server
Process exiting
Exiting without the bug reporter. Application will terminate with return code 0